<?xml version="1.0" encoding="UTF-8"?>
<!-- Generated by org.testng.reporters.JUnitReportReporter -->
<testsuite hostname="DESKTOP-BAJSTAT" failures="0" tests="1" name="com.teampractice.adminmodule.ProductValidationTest" time="56.838" errors="0" timestamp="2022-11-17T17:16:25 IST" skipped="0">
  <testcase classname="com.teampractice.adminmodule.ProductValidationTest" name="validationTest" time="56.838"/>
  <system-out/>
</testsuite> <!-- com.teampractice.adminmodule.ProductValidationTest -->
