<?xml version="1.0" encoding="UTF-8"?>
<!-- Generated by org.testng.reporters.JUnitReportReporter -->
<testsuite hostname="DESKTOP-BAJSTAT" failures="0" tests="1" name="com.teampractice.adminmodule.SelectAProductAndCheckOutAsAGuestTest" time="83.523" errors="0" timestamp="2022-11-21T16:49:50 IST" skipped="0">
  <testcase classname="com.teampractice.adminmodule.SelectAProductAndCheckOutAsAGuestTest" name="checkOutAsGuestTest" time="83.523"/>
  <system-out/>
</testsuite> <!-- com.teampractice.adminmodule.SelectAProductAndCheckOutAsAGuestTest -->
