<?xml version="1.0" encoding="UTF-8"?>
<!-- Generated by org.testng.reporters.JUnitReportReporter -->
<testsuite skipped="0" hostname="M-SHARATH-KUMAR" name="com.teampractice.adminmodule.AddToWishListTest" tests="1" failures="0" timestamp="2022-11-23T17:24:12 IST" time="62.572" errors="0">
  <testcase name="addToWishListTest" time="62.572" classname="com.teampractice.adminmodule.AddToWishListTest"/>
  <system-out/>
</testsuite> <!-- com.teampractice.adminmodule.AddToWishListTest -->
