<?xml version="1.0" encoding="UTF-8"?>
<!-- Generated by org.testng.reporters.JUnitReportReporter -->
<testsuite hostname="DESKTOP-BAJSTAT" failures="0" tests="1" name="com.teampractice.adminmodule.ProductValidationTest" time="25.759" errors="0" timestamp="2022-11-21T16:19:14 IST" skipped="0">
  <testcase classname="com.teampractice.adminmodule.ProductValidationTest" name="validationTest" time="25.759"/>
  <system-out/>
</testsuite> <!-- com.teampractice.adminmodule.ProductValidationTest -->
